<?xml version="1.0" encoding="UTF-8"?>
<!-- Generated by org.testng.reporters.JUnitReportReporter -->
<testsuite hostname="DESKTOP-2AJIRFB" failures="0" tests="2" name="neoStoxTest.NeoStoxTestClass" time="46.867" errors="0" timestamp="2022-12-03T16:00:44 IST" skipped="0">
  <testcase classname="neoStoxTest.NeoStoxTestClass" name="validatingFund" time="25.706"/>
  <system-out>
    <![CDATA[actual fund ]]>
  </system-out>
  <testcase classname="neoStoxTest.NeoStoxTestClass" name="validatingUsername" time="21.161"/>
  <system-out>
    <![CDATA[actual username]]>
  </system-out>
</testsuite> <!-- neoStoxTest.NeoStoxTestClass -->
